{"level":"\u001b[32minfo\u001b[39m","message":"{\"method\":\"OPTIONS\",\"url\":\"/user/login\",\"status\":\"204\",\"responseTime\":\"1.140\"}","timestamp":"2024-10-08T04:33:33.246Z"}
{"level":"\u001b[32minfo\u001b[39m","message":"{\"method\":\"POST\",\"url\":\"/user/login\",\"status\":\"400\",\"responseTime\":\"126.706\"}","timestamp":"2024-10-08T04:33:33.406Z"}
{"level":"\u001b[32minfo\u001b[39m","message":"{\"method\":\"OPTIONS\",\"url\":\"/user/login\",\"status\":\"204\",\"responseTime\":\"0.150\"}","timestamp":"2024-10-08T04:33:47.982Z"}
{"level":"\u001b[32minfo\u001b[39m","message":"{\"method\":\"POST\",\"url\":\"/user/login\",\"status\":\"200\",\"responseTime\":\"112.504\"}","timestamp":"2024-10-08T04:33:48.100Z"}
{"level":"\u001b[32minfo\u001b[39m","message":"{\"method\":\"OPTIONS\",\"url\":\"/user/login\",\"status\":\"204\",\"responseTime\":\"9.486\"}","timestamp":"2024-10-08T09:00:22.255Z"}
{"level":"\u001b[32minfo\u001b[39m","message":"{\"method\":\"POST\",\"url\":\"/user/login\",\"status\":\"200\",\"responseTime\":\"565.330\"}","timestamp":"2024-10-08T09:00:22.945Z"}
{"level":"\u001b[32minfo\u001b[39m","message":"{\"method\":\"OPTIONS\",\"url\":\"/recruiter/login\",\"status\":\"204\",\"responseTime\":\"0.268\"}","timestamp":"2024-10-08T09:00:50.346Z"}
{"level":"\u001b[32minfo\u001b[39m","message":"{\"method\":\"POST\",\"url\":\"/recruiter/login\",\"status\":\"200\",\"responseTime\":\"181.675\"}","timestamp":"2024-10-08T09:00:50.534Z"}
{"level":"\u001b[32minfo\u001b[39m","message":"{\"method\":\"OPTIONS\",\"url\":\"/recruiter/login\",\"status\":\"204\",\"responseTime\":\"0.533\"}","timestamp":"2024-10-08T09:39:05.876Z"}
{"level":"\u001b[32minfo\u001b[39m","message":"{\"method\":\"POST\",\"url\":\"/recruiter/login\",\"status\":\"200\",\"responseTime\":\"528.197\"}","timestamp":"2024-10-08T09:39:06.412Z"}
{"level":"\u001b[32minfo\u001b[39m","message":"{\"method\":\"OPTIONS\",\"url\":\"/user/login\",\"status\":\"204\",\"responseTime\":\"0.321\"}","timestamp":"2024-10-08T09:39:44.636Z"}
{"level":"\u001b[32minfo\u001b[39m","message":"{\"method\":\"POST\",\"url\":\"/user/login\",\"status\":\"200\",\"responseTime\":\"174.028\"}","timestamp":"2024-10-08T09:39:44.816Z"}
{"level":"\u001b[32minfo\u001b[39m","message":"{\"method\":\"OPTIONS\",\"url\":\"/user/login\",\"status\":\"204\",\"responseTime\":\"0.238\"}","timestamp":"2024-10-08T09:40:12.714Z"}
{"level":"\u001b[32minfo\u001b[39m","message":"{\"method\":\"POST\",\"url\":\"/user/login\",\"status\":\"200\",\"responseTime\":\"176.508\"}","timestamp":"2024-10-08T09:40:12.899Z"}
{"level":"\u001b[32minfo\u001b[39m","message":"{\"method\":\"OPTIONS\",\"url\":\"/user/login\",\"status\":\"204\",\"responseTime\":\"0.280\"}","timestamp":"2024-10-08T10:07:35.033Z"}
{"level":"\u001b[32minfo\u001b[39m","message":"{\"method\":\"POST\",\"url\":\"/user/login\",\"status\":\"200\",\"responseTime\":\"1359.218\"}","timestamp":"2024-10-08T10:07:36.399Z"}
{"level":"\u001b[32minfo\u001b[39m","message":"{\"method\":\"OPTIONS\",\"url\":\"/recruiter/login\",\"status\":\"204\",\"responseTime\":\"0.345\"}","timestamp":"2024-10-08T10:09:11.323Z"}
{"level":"\u001b[32minfo\u001b[39m","message":"{\"method\":\"POST\",\"url\":\"/recruiter/login\",\"status\":\"200\",\"responseTime\":\"194.029\"}","timestamp":"2024-10-08T10:09:11.525Z"}
{"level":"\u001b[32minfo\u001b[39m","message":"{\"method\":\"OPTIONS\",\"url\":\"/admin/login\",\"status\":\"204\",\"responseTime\":\"0.662\"}","timestamp":"2024-10-08T10:11:48.704Z"}
{"level":"\u001b[32minfo\u001b[39m","message":"{\"method\":\"POST\",\"url\":\"/admin/login\",\"status\":\"200\",\"responseTime\":\"240.374\"}","timestamp":"2024-10-08T10:11:48.951Z"}
{"level":"\u001b[32minfo\u001b[39m","message":"{\"method\":\"GET\",\"url\":\"/admin/pending\",\"status\":\"200\",\"responseTime\":\"107.240\"}","timestamp":"2024-10-08T10:11:55.099Z"}
{"level":"\u001b[32minfo\u001b[39m","message":"{\"method\":\"GET\",\"url\":\"/admin/pending\",\"status\":\"304\",\"responseTime\":\"49.941\"}","timestamp":"2024-10-08T10:11:55.155Z"}
{"level":"\u001b[32minfo\u001b[39m","message":"{\"method\":\"GET\",\"url\":\"/admin/pending\",\"status\":\"304\",\"responseTime\":\"52.575\"}","timestamp":"2024-10-08T10:11:55.217Z"}
{"level":"\u001b[32minfo\u001b[39m","message":"{\"method\":\"GET\",\"url\":\"/admin/recruiters\",\"status\":\"200\",\"responseTime\":\"87.765\"}","timestamp":"2024-10-08T10:11:58.150Z"}
{"level":"\u001b[32minfo\u001b[39m","message":"{\"method\":\"GET\",\"url\":\"/admin/recruiters\",\"status\":\"304\",\"responseTime\":\"58.444\"}","timestamp":"2024-10-08T10:11:58.213Z"}
{"level":"\u001b[32minfo\u001b[39m","message":"{\"method\":\"GET\",\"url\":\"/admin/recruiters\",\"status\":\"304\",\"responseTime\":\"65.006\"}","timestamp":"2024-10-08T10:11:58.284Z"}
{"level":"\u001b[32minfo\u001b[39m","message":"{\"method\":\"GET\",\"url\":\"/admin/recruiters\",\"status\":\"304\",\"responseTime\":\"56.745\"}","timestamp":"2024-10-08T10:11:58.355Z"}
{"level":"\u001b[32minfo\u001b[39m","message":"{\"method\":\"GET\",\"url\":\"/admin/pending\",\"status\":\"304\",\"responseTime\":\"43.876\"}","timestamp":"2024-10-08T10:12:00.325Z"}
{"level":"\u001b[32minfo\u001b[39m","message":"{\"method\":\"GET\",\"url\":\"/admin/pending\",\"status\":\"304\",\"responseTime\":\"52.199\"}","timestamp":"2024-10-08T10:12:00.383Z"}
{"level":"\u001b[32minfo\u001b[39m","message":"{\"method\":\"GET\",\"url\":\"/admin/pending\",\"status\":\"304\",\"responseTime\":\"42.798\"}","timestamp":"2024-10-08T10:12:00.430Z"}
{"level":"\u001b[32minfo\u001b[39m","message":"{\"method\":\"GET\",\"url\":\"/admin/recruiters\",\"status\":\"304\",\"responseTime\":\"98.737\"}","timestamp":"2024-10-08T10:12:24.117Z"}
{"level":"\u001b[32minfo\u001b[39m","message":"{\"method\":\"GET\",\"url\":\"/admin/recruiters\",\"status\":\"304\",\"responseTime\":\"70.942\"}","timestamp":"2024-10-08T10:12:24.193Z"}
{"level":"\u001b[32minfo\u001b[39m","message":"{\"method\":\"GET\",\"url\":\"/admin/recruiters\",\"status\":\"304\",\"responseTime\":\"81.722\"}","timestamp":"2024-10-08T10:12:24.283Z"}
{"level":"\u001b[32minfo\u001b[39m","message":"{\"method\":\"GET\",\"url\":\"/admin/recruiters\",\"status\":\"304\",\"responseTime\":\"146.302\"}","timestamp":"2024-10-08T10:12:24.444Z"}
{"level":"\u001b[32minfo\u001b[39m","message":"{\"method\":\"GET\",\"url\":\"/admin/pending\",\"status\":\"304\",\"responseTime\":\"48.478\"}","timestamp":"2024-10-08T10:13:14.485Z"}
{"level":"\u001b[32minfo\u001b[39m","message":"{\"method\":\"GET\",\"url\":\"/admin/pending\",\"status\":\"304\",\"responseTime\":\"43.971\"}","timestamp":"2024-10-08T10:13:14.536Z"}
{"level":"\u001b[32minfo\u001b[39m","message":"{\"method\":\"GET\",\"url\":\"/admin/pending\",\"status\":\"304\",\"responseTime\":\"47.740\"}","timestamp":"2024-10-08T10:13:14.591Z"}
{"level":"\u001b[32minfo\u001b[39m","message":"{\"method\":\"GET\",\"url\":\"/admin/recruiters\",\"status\":\"304\",\"responseTime\":\"56.453\"}","timestamp":"2024-10-08T10:13:16.111Z"}
{"level":"\u001b[32minfo\u001b[39m","message":"{\"method\":\"GET\",\"url\":\"/admin/recruiters\",\"status\":\"304\",\"responseTime\":\"58.915\"}","timestamp":"2024-10-08T10:13:16.179Z"}
{"level":"\u001b[32minfo\u001b[39m","message":"{\"method\":\"GET\",\"url\":\"/admin/recruiters\",\"status\":\"304\",\"responseTime\":\"57.195\"}","timestamp":"2024-10-08T10:13:16.246Z"}
{"level":"\u001b[32minfo\u001b[39m","message":"{\"method\":\"GET\",\"url\":\"/admin/recruiters\",\"status\":\"304\",\"responseTime\":\"71.425\"}","timestamp":"2024-10-08T10:13:16.330Z"}
{"level":"\u001b[32minfo\u001b[39m","message":"{\"method\":\"GET\",\"url\":\"/admin/pending\",\"status\":\"304\",\"responseTime\":\"53.095\"}","timestamp":"2024-10-08T10:13:17.268Z"}
{"level":"\u001b[32minfo\u001b[39m","message":"{\"method\":\"GET\",\"url\":\"/admin/pending\",\"status\":\"304\",\"responseTime\":\"52.083\"}","timestamp":"2024-10-08T10:13:17.325Z"}
{"level":"\u001b[32minfo\u001b[39m","message":"{\"method\":\"GET\",\"url\":\"/admin/pending\",\"status\":\"304\",\"responseTime\":\"40.353\"}","timestamp":"2024-10-08T10:13:17.370Z"}
{"level":"\u001b[32minfo\u001b[39m","message":"{\"method\":\"OPTIONS\",\"url\":\"/recruiter/login\",\"status\":\"204\",\"responseTime\":\"0.334\"}","timestamp":"2024-10-08T10:14:49.905Z"}
{"level":"\u001b[32minfo\u001b[39m","message":"{\"method\":\"POST\",\"url\":\"/recruiter/login\",\"status\":\"200\",\"responseTime\":\"229.710\"}","timestamp":"2024-10-08T10:14:50.140Z"}
{"level":"\u001b[32minfo\u001b[39m","message":"{\"method\":\"GET\",\"url\":\"/admin/pending\",\"status\":\"304\",\"responseTime\":\"382.326\"}","timestamp":"2024-10-09T05:45:39.714Z"}
{"level":"\u001b[32minfo\u001b[39m","message":"{\"method\":\"GET\",\"url\":\"/admin/pending\",\"status\":\"304\",\"responseTime\":\"38.692\"}","timestamp":"2024-10-09T05:45:39.767Z"}
{"level":"\u001b[32minfo\u001b[39m","message":"{\"method\":\"GET\",\"url\":\"/admin/pending\",\"status\":\"304\",\"responseTime\":\"30.701\"}","timestamp":"2024-10-09T05:45:39.800Z"}
{"level":"\u001b[32minfo\u001b[39m","message":"{\"method\":\"GET\",\"url\":\"/admin/recruiters\",\"status\":\"304\",\"responseTime\":\"52.710\"}","timestamp":"2024-10-09T05:45:40.385Z"}
{"level":"\u001b[32minfo\u001b[39m","message":"{\"method\":\"GET\",\"url\":\"/admin/recruiters\",\"status\":\"304\",\"responseTime\":\"36.782\"}","timestamp":"2024-10-09T05:45:40.424Z"}
{"level":"\u001b[32minfo\u001b[39m","message":"{\"method\":\"GET\",\"url\":\"/admin/recruiters\",\"status\":\"304\",\"responseTime\":\"33.935\"}","timestamp":"2024-10-09T05:45:40.461Z"}
{"level":"\u001b[32minfo\u001b[39m","message":"{\"method\":\"GET\",\"url\":\"/admin/recruiters\",\"status\":\"304\",\"responseTime\":\"38.906\"}","timestamp":"2024-10-09T05:45:40.506Z"}
{"level":"\u001b[32minfo\u001b[39m","message":"{\"method\":\"GET\",\"url\":\"/admin/recruiters\",\"status\":\"304\",\"responseTime\":\"39.022\"}","timestamp":"2024-10-09T05:45:44.672Z"}
{"level":"\u001b[32minfo\u001b[39m","message":"{\"method\":\"GET\",\"url\":\"/admin/recruiters\",\"status\":\"304\",\"responseTime\":\"40.199\"}","timestamp":"2024-10-09T05:45:44.716Z"}
{"level":"\u001b[32minfo\u001b[39m","message":"{\"method\":\"GET\",\"url\":\"/admin/recruiters\",\"status\":\"304\",\"responseTime\":\"36.136\"}","timestamp":"2024-10-09T05:45:44.757Z"}
{"level":"\u001b[32minfo\u001b[39m","message":"{\"method\":\"GET\",\"url\":\"/admin/recruiters\",\"status\":\"304\",\"responseTime\":\"41.537\"}","timestamp":"2024-10-09T05:45:44.804Z"}
{"level":"\u001b[32minfo\u001b[39m","message":"{\"method\":\"GET\",\"url\":\"/admin/pending\",\"status\":\"304\",\"responseTime\":\"42.631\"}","timestamp":"2024-10-09T05:45:46.926Z"}
{"level":"\u001b[32minfo\u001b[39m","message":"{\"method\":\"GET\",\"url\":\"/admin/pending\",\"status\":\"304\",\"responseTime\":\"33.533\"}","timestamp":"2024-10-09T05:45:46.963Z"}
{"level":"\u001b[32minfo\u001b[39m","message":"{\"method\":\"GET\",\"url\":\"/admin/pending\",\"status\":\"304\",\"responseTime\":\"30.838\"}","timestamp":"2024-10-09T05:45:46.996Z"}
{"level":"\u001b[32minfo\u001b[39m","message":"{\"method\":\"GET\",\"url\":\"/admin/recruiters\",\"status\":\"304\",\"responseTime\":\"51.830\"}","timestamp":"2024-10-09T05:45:48.521Z"}
{"level":"\u001b[32minfo\u001b[39m","message":"{\"method\":\"GET\",\"url\":\"/admin/recruiters\",\"status\":\"304\",\"responseTime\":\"34.814\"}","timestamp":"2024-10-09T05:45:48.558Z"}
{"level":"\u001b[32minfo\u001b[39m","message":"{\"method\":\"GET\",\"url\":\"/admin/recruiters\",\"status\":\"304\",\"responseTime\":\"36.787\"}","timestamp":"2024-10-09T05:45:48.597Z"}
{"level":"\u001b[32minfo\u001b[39m","message":"{\"method\":\"GET\",\"url\":\"/admin/recruiters\",\"status\":\"304\",\"responseTime\":\"36.970\"}","timestamp":"2024-10-09T05:45:48.639Z"}
{"level":"\u001b[32minfo\u001b[39m","message":"{\"method\":\"GET\",\"url\":\"/admin/pending\",\"status\":\"304\",\"responseTime\":\"34.192\"}","timestamp":"2024-10-09T05:46:09.955Z"}
{"level":"\u001b[32minfo\u001b[39m","message":"{\"method\":\"GET\",\"url\":\"/admin/pending\",\"status\":\"304\",\"responseTime\":\"30.241\"}","timestamp":"2024-10-09T05:46:09.989Z"}
{"level":"\u001b[32minfo\u001b[39m","message":"{\"method\":\"GET\",\"url\":\"/admin/pending\",\"status\":\"304\",\"responseTime\":\"31.528\"}","timestamp":"2024-10-09T05:46:10.022Z"}
{"level":"\u001b[32minfo\u001b[39m","message":"{\"method\":\"GET\",\"url\":\"/admin/pending\",\"status\":\"304\",\"responseTime\":\"37.053\"}","timestamp":"2024-10-09T05:46:12.539Z"}
{"level":"\u001b[32minfo\u001b[39m","message":"{\"method\":\"GET\",\"url\":\"/admin/pending\",\"status\":\"304\",\"responseTime\":\"33.215\"}","timestamp":"2024-10-09T05:46:12.575Z"}
{"level":"\u001b[32minfo\u001b[39m","message":"{\"method\":\"GET\",\"url\":\"/admin/pending\",\"status\":\"304\",\"responseTime\":\"30.976\"}","timestamp":"2024-10-09T05:46:12.608Z"}
{"level":"\u001b[32minfo\u001b[39m","message":"{\"method\":\"GET\",\"url\":\"/admin/recruiters\",\"status\":\"304\",\"responseTime\":\"37.624\"}","timestamp":"2024-10-09T05:46:13.590Z"}
{"level":"\u001b[32minfo\u001b[39m","message":"{\"method\":\"GET\",\"url\":\"/admin/recruiters\",\"status\":\"304\",\"responseTime\":\"36.790\"}","timestamp":"2024-10-09T05:46:13.630Z"}
{"level":"\u001b[32minfo\u001b[39m","message":"{\"method\":\"GET\",\"url\":\"/admin/recruiters\",\"status\":\"304\",\"responseTime\":\"39.589\"}","timestamp":"2024-10-09T05:46:13.673Z"}
{"level":"\u001b[32minfo\u001b[39m","message":"{\"method\":\"GET\",\"url\":\"/admin/recruiters\",\"status\":\"304\",\"responseTime\":\"37.690\"}","timestamp":"2024-10-09T05:46:13.715Z"}
{"level":"\u001b[32minfo\u001b[39m","message":"{\"method\":\"GET\",\"url\":\"/admin/users\",\"status\":\"200\",\"responseTime\":\"450.487\"}","timestamp":"2024-10-09T09:16:54.325Z"}
{"level":"\u001b[32minfo\u001b[39m","message":"{\"method\":\"GET\",\"url\":\"/admin/users\",\"status\":\"304\",\"responseTime\":\"35.335\"}","timestamp":"2024-10-09T09:16:54.372Z"}
{"level":"\u001b[32minfo\u001b[39m","message":"{\"method\":\"GET\",\"url\":\"/admin/users\",\"status\":\"304\",\"responseTime\":\"38.919\"}","timestamp":"2024-10-09T09:16:54.414Z"}
{"level":"\u001b[32minfo\u001b[39m","message":"{\"method\":\"GET\",\"url\":\"/admin/users\",\"status\":\"304\",\"responseTime\":\"38.649\"}","timestamp":"2024-10-09T09:16:54.463Z"}
{"level":"\u001b[32minfo\u001b[39m","message":"{\"method\":\"GET\",\"url\":\"/admin/recruiters\",\"status\":\"304\",\"responseTime\":\"49.800\"}","timestamp":"2024-10-09T09:16:56.937Z"}
{"level":"\u001b[32minfo\u001b[39m","message":"{\"method\":\"GET\",\"url\":\"/admin/recruiters\",\"status\":\"304\",\"responseTime\":\"50.140\"}","timestamp":"2024-10-09T09:16:56.992Z"}
{"level":"\u001b[32minfo\u001b[39m","message":"{\"method\":\"GET\",\"url\":\"/admin/recruiters\",\"status\":\"304\",\"responseTime\":\"45.809\"}","timestamp":"2024-10-09T09:16:57.041Z"}
{"level":"\u001b[32minfo\u001b[39m","message":"{\"method\":\"GET\",\"url\":\"/admin/recruiters\",\"status\":\"304\",\"responseTime\":\"44.725\"}","timestamp":"2024-10-09T09:16:57.096Z"}
{"level":"\u001b[32minfo\u001b[39m","message":"{\"method\":\"GET\",\"url\":\"/admin/users\",\"status\":\"304\",\"responseTime\":\"35.783\"}","timestamp":"2024-10-09T09:16:58.187Z"}
{"level":"\u001b[32minfo\u001b[39m","message":"{\"method\":\"GET\",\"url\":\"/admin/users\",\"status\":\"304\",\"responseTime\":\"44.795\"}","timestamp":"2024-10-09T09:16:58.235Z"}
{"level":"\u001b[32minfo\u001b[39m","message":"{\"method\":\"GET\",\"url\":\"/admin/users\",\"status\":\"304\",\"responseTime\":\"37.964\"}","timestamp":"2024-10-09T09:16:58.277Z"}
{"level":"\u001b[32minfo\u001b[39m","message":"{\"method\":\"GET\",\"url\":\"/admin/users\",\"status\":\"304\",\"responseTime\":\"36.102\"}","timestamp":"2024-10-09T09:16:58.323Z"}
{"level":"\u001b[32minfo\u001b[39m","message":"{\"method\":\"GET\",\"url\":\"/admin/recruiters\",\"status\":\"304\",\"responseTime\":\"44.920\"}","timestamp":"2024-10-09T09:16:59.718Z"}
{"level":"\u001b[32minfo\u001b[39m","message":"{\"method\":\"GET\",\"url\":\"/admin/recruiters\",\"status\":\"304\",\"responseTime\":\"48.451\"}","timestamp":"2024-10-09T09:16:59.771Z"}
{"level":"\u001b[32minfo\u001b[39m","message":"{\"method\":\"GET\",\"url\":\"/admin/recruiters\",\"status\":\"304\",\"responseTime\":\"46.787\"}","timestamp":"2024-10-09T09:16:59.821Z"}
{"level":"\u001b[32minfo\u001b[39m","message":"{\"method\":\"GET\",\"url\":\"/admin/recruiters\",\"status\":\"304\",\"responseTime\":\"45.695\"}","timestamp":"2024-10-09T09:16:59.876Z"}
{"level":"\u001b[32minfo\u001b[39m","message":"{\"method\":\"GET\",\"url\":\"/admin/users\",\"status\":\"304\",\"responseTime\":\"34.969\"}","timestamp":"2024-10-09T09:17:01.082Z"}
{"level":"\u001b[32minfo\u001b[39m","message":"{\"method\":\"GET\",\"url\":\"/admin/users\",\"status\":\"304\",\"responseTime\":\"39.004\"}","timestamp":"2024-10-09T09:17:01.124Z"}
{"level":"\u001b[32minfo\u001b[39m","message":"{\"method\":\"GET\",\"url\":\"/admin/users\",\"status\":\"304\",\"responseTime\":\"34.582\"}","timestamp":"2024-10-09T09:17:01.162Z"}
{"level":"\u001b[32minfo\u001b[39m","message":"{\"method\":\"GET\",\"url\":\"/admin/users\",\"status\":\"304\",\"responseTime\":\"34.040\"}","timestamp":"2024-10-09T09:17:01.205Z"}
{"level":"\u001b[32minfo\u001b[39m","message":"{\"method\":\"OPTIONS\",\"url\":\"/admin/user-block\",\"status\":\"204\",\"responseTime\":\"1.702\"}","timestamp":"2024-10-09T09:17:06.061Z"}
{"level":"\u001b[32minfo\u001b[39m","message":"{\"method\":\"PUT\",\"url\":\"/admin/user-block\",\"status\":\"404\",\"responseTime\":\"16.112\"}","timestamp":"2024-10-09T09:17:06.232Z"}
{"level":"\u001b[32minfo\u001b[39m","message":"{\"method\":\"GET\",\"url\":\"/admin/pending\",\"status\":\"304\",\"responseTime\":\"41.237\"}","timestamp":"2024-10-09T09:17:27.012Z"}
{"level":"\u001b[32minfo\u001b[39m","message":"{\"method\":\"GET\",\"url\":\"/admin/pending\",\"status\":\"304\",\"responseTime\":\"43.537\"}","timestamp":"2024-10-09T09:17:27.059Z"}
{"level":"\u001b[32minfo\u001b[39m","message":"{\"method\":\"GET\",\"url\":\"/admin/pending\",\"status\":\"304\",\"responseTime\":\"38.161\"}","timestamp":"2024-10-09T09:17:27.101Z"}
{"level":"\u001b[32minfo\u001b[39m","message":"{\"method\":\"GET\",\"url\":\"/admin/pending\",\"status\":\"304\",\"responseTime\":\"49.463\"}","timestamp":"2024-10-09T09:17:29.447Z"}
{"level":"\u001b[32minfo\u001b[39m","message":"{\"method\":\"GET\",\"url\":\"/admin/pending\",\"status\":\"304\",\"responseTime\":\"38.191\"}","timestamp":"2024-10-09T09:17:29.488Z"}
{"level":"\u001b[32minfo\u001b[39m","message":"{\"method\":\"GET\",\"url\":\"/admin/pending\",\"status\":\"304\",\"responseTime\":\"35.563\"}","timestamp":"2024-10-09T09:17:29.527Z"}
{"level":"\u001b[32minfo\u001b[39m","message":"{\"method\":\"GET\",\"url\":\"/admin/recruiters\",\"status\":\"304\",\"responseTime\":\"68.476\"}","timestamp":"2024-10-09T09:17:31.227Z"}
{"level":"\u001b[32minfo\u001b[39m","message":"{\"method\":\"GET\",\"url\":\"/admin/recruiters\",\"status\":\"304\",\"responseTime\":\"46.767\"}","timestamp":"2024-10-09T09:17:31.277Z"}
{"level":"\u001b[32minfo\u001b[39m","message":"{\"method\":\"GET\",\"url\":\"/admin/recruiters\",\"status\":\"304\",\"responseTime\":\"40.465\"}","timestamp":"2024-10-09T09:17:31.332Z"}
{"level":"\u001b[32minfo\u001b[39m","message":"{\"method\":\"GET\",\"url\":\"/admin/recruiters\",\"status\":\"304\",\"responseTime\":\"46.818\"}","timestamp":"2024-10-09T09:17:31.387Z"}
{"level":"\u001b[32minfo\u001b[39m","message":"{\"method\":\"GET\",\"url\":\"/admin/users\",\"status\":\"304\",\"responseTime\":\"38.928\"}","timestamp":"2024-10-09T09:17:33.416Z"}
{"level":"\u001b[32minfo\u001b[39m","message":"{\"method\":\"GET\",\"url\":\"/admin/users\",\"status\":\"304\",\"responseTime\":\"38.546\"}","timestamp":"2024-10-09T09:17:33.458Z"}
{"level":"\u001b[32minfo\u001b[39m","message":"{\"method\":\"GET\",\"url\":\"/admin/users\",\"status\":\"304\",\"responseTime\":\"33.946\"}","timestamp":"2024-10-09T09:17:33.497Z"}
{"level":"\u001b[32minfo\u001b[39m","message":"{\"method\":\"GET\",\"url\":\"/admin/users\",\"status\":\"304\",\"responseTime\":\"37.711\"}","timestamp":"2024-10-09T09:17:33.543Z"}
{"level":"\u001b[32minfo\u001b[39m","message":"{\"method\":\"GET\",\"url\":\"/admin/recruiters\",\"status\":\"304\",\"responseTime\":\"45.913\"}","timestamp":"2024-10-09T09:17:34.481Z"}
{"level":"\u001b[32minfo\u001b[39m","message":"{\"method\":\"GET\",\"url\":\"/admin/recruiters\",\"status\":\"304\",\"responseTime\":\"44.653\"}","timestamp":"2024-10-09T09:17:34.535Z"}
{"level":"\u001b[32minfo\u001b[39m","message":"{\"method\":\"GET\",\"url\":\"/admin/recruiters\",\"status\":\"304\",\"responseTime\":\"41.659\"}","timestamp":"2024-10-09T09:17:34.581Z"}
{"level":"\u001b[32minfo\u001b[39m","message":"{\"method\":\"GET\",\"url\":\"/admin/recruiters\",\"status\":\"304\",\"responseTime\":\"42.995\"}","timestamp":"2024-10-09T09:17:34.632Z"}
{"level":"\u001b[32minfo\u001b[39m","message":"{\"method\":\"GET\",\"url\":\"/admin/users\",\"status\":\"304\",\"responseTime\":\"34.857\"}","timestamp":"2024-10-09T09:17:35.801Z"}
{"level":"\u001b[32minfo\u001b[39m","message":"{\"method\":\"GET\",\"url\":\"/admin/users\",\"status\":\"304\",\"responseTime\":\"35.706\"}","timestamp":"2024-10-09T09:17:35.842Z"}
{"level":"\u001b[32minfo\u001b[39m","message":"{\"method\":\"GET\",\"url\":\"/admin/users\",\"status\":\"304\",\"responseTime\":\"34.672\"}","timestamp":"2024-10-09T09:17:35.880Z"}
{"level":"\u001b[32minfo\u001b[39m","message":"{\"method\":\"GET\",\"url\":\"/admin/users\",\"status\":\"304\",\"responseTime\":\"34.518\"}","timestamp":"2024-10-09T09:17:35.922Z"}
{"level":"\u001b[32minfo\u001b[39m","message":"{\"method\":\"GET\",\"url\":\"/admin/recruiters\",\"status\":\"304\",\"responseTime\":\"46.035\"}","timestamp":"2024-10-09T09:17:37.283Z"}
{"level":"\u001b[32minfo\u001b[39m","message":"{\"method\":\"GET\",\"url\":\"/admin/recruiters\",\"status\":\"304\",\"responseTime\":\"45.007\"}","timestamp":"2024-10-09T09:17:37.332Z"}
{"level":"\u001b[32minfo\u001b[39m","message":"{\"method\":\"GET\",\"url\":\"/admin/recruiters\",\"status\":\"304\",\"responseTime\":\"45.635\"}","timestamp":"2024-10-09T09:17:37.381Z"}
{"level":"\u001b[32minfo\u001b[39m","message":"{\"method\":\"GET\",\"url\":\"/admin/recruiters\",\"status\":\"304\",\"responseTime\":\"44.577\"}","timestamp":"2024-10-09T09:17:37.435Z"}
{"level":"\u001b[32minfo\u001b[39m","message":"{\"method\":\"GET\",\"url\":\"/admin/users\",\"status\":\"304\",\"responseTime\":\"37.763\"}","timestamp":"2024-10-09T09:17:38.835Z"}
{"level":"\u001b[32minfo\u001b[39m","message":"{\"method\":\"GET\",\"url\":\"/admin/users\",\"status\":\"304\",\"responseTime\":\"46.675\"}","timestamp":"2024-10-09T09:17:38.886Z"}
{"level":"\u001b[32minfo\u001b[39m","message":"{\"method\":\"GET\",\"url\":\"/admin/users\",\"status\":\"304\",\"responseTime\":\"35.014\"}","timestamp":"2024-10-09T09:17:38.925Z"}
{"level":"\u001b[32minfo\u001b[39m","message":"{\"method\":\"GET\",\"url\":\"/admin/users\",\"status\":\"304\",\"responseTime\":\"39.406\"}","timestamp":"2024-10-09T09:17:38.973Z"}
{"level":"\u001b[32minfo\u001b[39m","message":"{\"method\":\"GET\",\"url\":\"/admin/recruiters\",\"status\":\"304\",\"responseTime\":\"45.274\"}","timestamp":"2024-10-09T09:17:40.646Z"}
{"level":"\u001b[32minfo\u001b[39m","message":"{\"method\":\"GET\",\"url\":\"/admin/recruiters\",\"status\":\"304\",\"responseTime\":\"41.935\"}","timestamp":"2024-10-09T09:17:40.695Z"}
{"level":"\u001b[32minfo\u001b[39m","message":"{\"method\":\"GET\",\"url\":\"/admin/recruiters\",\"status\":\"304\",\"responseTime\":\"42.811\"}","timestamp":"2024-10-09T09:17:40.741Z"}
{"level":"\u001b[32minfo\u001b[39m","message":"{\"method\":\"GET\",\"url\":\"/admin/recruiters\",\"status\":\"304\",\"responseTime\":\"41.319\"}","timestamp":"2024-10-09T09:17:40.790Z"}
{"level":"\u001b[32minfo\u001b[39m","message":"{\"method\":\"GET\",\"url\":\"/admin/users\",\"status\":\"304\",\"responseTime\":\"35.194\"}","timestamp":"2024-10-09T09:18:29.830Z"}
{"level":"\u001b[32minfo\u001b[39m","message":"{\"method\":\"GET\",\"url\":\"/admin/users\",\"status\":\"304\",\"responseTime\":\"34.378\"}","timestamp":"2024-10-09T09:18:29.867Z"}
{"level":"\u001b[32minfo\u001b[39m","message":"{\"method\":\"GET\",\"url\":\"/admin/users\",\"status\":\"304\",\"responseTime\":\"38.536\"}","timestamp":"2024-10-09T09:18:29.909Z"}
{"level":"\u001b[32minfo\u001b[39m","message":"{\"method\":\"GET\",\"url\":\"/admin/users\",\"status\":\"304\",\"responseTime\":\"36.831\"}","timestamp":"2024-10-09T09:18:29.955Z"}
{"level":"\u001b[32minfo\u001b[39m","message":"{\"method\":\"GET\",\"url\":\"/admin/recruiters\",\"status\":\"304\",\"responseTime\":\"48.189\"}","timestamp":"2024-10-09T09:18:30.778Z"}
{"level":"\u001b[32minfo\u001b[39m","message":"{\"method\":\"GET\",\"url\":\"/admin/recruiters\",\"status\":\"304\",\"responseTime\":\"50.654\"}","timestamp":"2024-10-09T09:18:30.833Z"}
{"level":"\u001b[32minfo\u001b[39m","message":"{\"method\":\"GET\",\"url\":\"/admin/recruiters\",\"status\":\"304\",\"responseTime\":\"47.763\"}","timestamp":"2024-10-09T09:18:30.886Z"}
{"level":"\u001b[32minfo\u001b[39m","message":"{\"method\":\"GET\",\"url\":\"/admin/recruiters\",\"status\":\"304\",\"responseTime\":\"50.733\"}","timestamp":"2024-10-09T09:18:30.945Z"}
{"level":"\u001b[32minfo\u001b[39m","message":"{\"method\":\"GET\",\"url\":\"/admin/users\",\"status\":\"304\",\"responseTime\":\"35.621\"}","timestamp":"2024-10-09T09:18:31.799Z"}
{"level":"\u001b[32minfo\u001b[39m","message":"{\"method\":\"GET\",\"url\":\"/admin/users\",\"status\":\"304\",\"responseTime\":\"34.334\"}","timestamp":"2024-10-09T09:18:31.838Z"}
{"level":"\u001b[32minfo\u001b[39m","message":"{\"method\":\"GET\",\"url\":\"/admin/users\",\"status\":\"304\",\"responseTime\":\"34.711\"}","timestamp":"2024-10-09T09:18:31.875Z"}
{"level":"\u001b[32minfo\u001b[39m","message":"{\"method\":\"GET\",\"url\":\"/admin/users\",\"status\":\"304\",\"responseTime\":\"34.903\"}","timestamp":"2024-10-09T09:18:31.920Z"}
{"level":"\u001b[32minfo\u001b[39m","message":"{\"method\":\"GET\",\"url\":\"/admin/recruiters\",\"status\":\"304\",\"responseTime\":\"50.028\"}","timestamp":"2024-10-09T09:18:32.535Z"}
{"level":"\u001b[32minfo\u001b[39m","message":"{\"method\":\"GET\",\"url\":\"/admin/recruiters\",\"status\":\"304\",\"responseTime\":\"53.269\"}","timestamp":"2024-10-09T09:18:32.594Z"}
{"level":"\u001b[32minfo\u001b[39m","message":"{\"method\":\"GET\",\"url\":\"/admin/recruiters\",\"status\":\"304\",\"responseTime\":\"46.931\"}","timestamp":"2024-10-09T09:18:32.644Z"}
{"level":"\u001b[32minfo\u001b[39m","message":"{\"method\":\"GET\",\"url\":\"/admin/recruiters\",\"status\":\"304\",\"responseTime\":\"46.899\"}","timestamp":"2024-10-09T09:18:32.700Z"}
{"level":"\u001b[32minfo\u001b[39m","message":"{\"method\":\"GET\",\"url\":\"/admin/users\",\"status\":\"304\",\"responseTime\":\"35.401\"}","timestamp":"2024-10-09T09:18:33.479Z"}
{"level":"\u001b[32minfo\u001b[39m","message":"{\"method\":\"GET\",\"url\":\"/admin/users\",\"status\":\"304\",\"responseTime\":\"36.998\"}","timestamp":"2024-10-09T09:18:33.520Z"}
{"level":"\u001b[32minfo\u001b[39m","message":"{\"method\":\"GET\",\"url\":\"/admin/users\",\"status\":\"304\",\"responseTime\":\"34.538\"}","timestamp":"2024-10-09T09:18:33.558Z"}
{"level":"\u001b[32minfo\u001b[39m","message":"{\"method\":\"GET\",\"url\":\"/admin/users\",\"status\":\"304\",\"responseTime\":\"35.514\"}","timestamp":"2024-10-09T09:18:33.604Z"}
{"level":"\u001b[32minfo\u001b[39m","message":"{\"method\":\"GET\",\"url\":\"/admin/recruiters\",\"status\":\"304\",\"responseTime\":\"53.036\"}","timestamp":"2024-10-09T09:18:34.185Z"}
{"level":"\u001b[32minfo\u001b[39m","message":"{\"method\":\"GET\",\"url\":\"/admin/recruiters\",\"status\":\"304\",\"responseTime\":\"41.764\"}","timestamp":"2024-10-09T09:18:34.232Z"}
{"level":"\u001b[32minfo\u001b[39m","message":"{\"method\":\"GET\",\"url\":\"/admin/recruiters\",\"status\":\"304\",\"responseTime\":\"42.159\"}","timestamp":"2024-10-09T09:18:34.279Z"}
{"level":"\u001b[32minfo\u001b[39m","message":"{\"method\":\"GET\",\"url\":\"/admin/recruiters\",\"status\":\"304\",\"responseTime\":\"43.953\"}","timestamp":"2024-10-09T09:18:34.333Z"}
{"level":"\u001b[32minfo\u001b[39m","message":"{\"method\":\"GET\",\"url\":\"/admin/pending\",\"status\":\"304\",\"responseTime\":\"36.856\"}","timestamp":"2024-10-09T09:18:34.960Z"}
{"level":"\u001b[32minfo\u001b[39m","message":"{\"method\":\"GET\",\"url\":\"/admin/pending\",\"status\":\"304\",\"responseTime\":\"43.915\"}","timestamp":"2024-10-09T09:18:35.010Z"}
{"level":"\u001b[32minfo\u001b[39m","message":"{\"method\":\"GET\",\"url\":\"/admin/pending\",\"status\":\"304\",\"responseTime\":\"38.086\"}","timestamp":"2024-10-09T09:18:35.052Z"}
{"level":"\u001b[32minfo\u001b[39m","message":"{\"method\":\"GET\",\"url\":\"/admin/pending\",\"status\":\"304\",\"responseTime\":\"36.779\"}","timestamp":"2024-10-09T09:18:36.476Z"}
{"level":"\u001b[32minfo\u001b[39m","message":"{\"method\":\"GET\",\"url\":\"/admin/pending\",\"status\":\"304\",\"responseTime\":\"60.895\"}","timestamp":"2024-10-09T09:18:36.540Z"}
{"level":"\u001b[32minfo\u001b[39m","message":"{\"method\":\"GET\",\"url\":\"/admin/pending\",\"status\":\"304\",\"responseTime\":\"35.549\"}","timestamp":"2024-10-09T09:18:36.584Z"}
{"level":"\u001b[32minfo\u001b[39m","message":"{\"method\":\"GET\",\"url\":\"/admin/users\",\"status\":\"304\",\"responseTime\":\"36.989\"}","timestamp":"2024-10-09T09:18:37.276Z"}
{"level":"\u001b[32minfo\u001b[39m","message":"{\"method\":\"GET\",\"url\":\"/admin/users\",\"status\":\"304\",\"responseTime\":\"34.488\"}","timestamp":"2024-10-09T09:18:37.314Z"}
{"level":"\u001b[32minfo\u001b[39m","message":"{\"method\":\"GET\",\"url\":\"/admin/users\",\"status\":\"304\",\"responseTime\":\"40.852\"}","timestamp":"2024-10-09T09:18:37.360Z"}
{"level":"\u001b[32minfo\u001b[39m","message":"{\"method\":\"GET\",\"url\":\"/admin/users\",\"status\":\"304\",\"responseTime\":\"34.960\"}","timestamp":"2024-10-09T09:18:37.403Z"}
{"level":"\u001b[32minfo\u001b[39m","message":"{\"method\":\"GET\",\"url\":\"/admin/recruiters\",\"status\":\"304\",\"responseTime\":\"49.145\"}","timestamp":"2024-10-09T09:18:38.015Z"}
{"level":"\u001b[32minfo\u001b[39m","message":"{\"method\":\"GET\",\"url\":\"/admin/recruiters\",\"status\":\"304\",\"responseTime\":\"48.029\"}","timestamp":"2024-10-09T09:18:38.068Z"}
{"level":"\u001b[32minfo\u001b[39m","message":"{\"method\":\"GET\",\"url\":\"/admin/recruiters\",\"status\":\"304\",\"responseTime\":\"46.147\"}","timestamp":"2024-10-09T09:18:38.117Z"}
{"level":"\u001b[32minfo\u001b[39m","message":"{\"method\":\"GET\",\"url\":\"/admin/recruiters\",\"status\":\"304\",\"responseTime\":\"47.438\"}","timestamp":"2024-10-09T09:18:38.173Z"}
{"level":"\u001b[32minfo\u001b[39m","message":"{\"method\":\"GET\",\"url\":\"/admin/users\",\"status\":\"304\",\"responseTime\":\"37.669\"}","timestamp":"2024-10-09T09:18:38.775Z"}
{"level":"\u001b[32minfo\u001b[39m","message":"{\"method\":\"GET\",\"url\":\"/admin/users\",\"status\":\"304\",\"responseTime\":\"33.837\"}","timestamp":"2024-10-09T09:18:38.812Z"}
{"level":"\u001b[32minfo\u001b[39m","message":"{\"method\":\"GET\",\"url\":\"/admin/users\",\"status\":\"304\",\"responseTime\":\"37.857\"}","timestamp":"2024-10-09T09:18:38.854Z"}
{"level":"\u001b[32minfo\u001b[39m","message":"{\"method\":\"GET\",\"url\":\"/admin/users\",\"status\":\"304\",\"responseTime\":\"35.130\"}","timestamp":"2024-10-09T09:18:38.899Z"}
{"level":"\u001b[32minfo\u001b[39m","message":"{\"method\":\"GET\",\"url\":\"/admin/recruiters\",\"status\":\"304\",\"responseTime\":\"48.693\"}","timestamp":"2024-10-09T09:18:39.603Z"}
{"level":"\u001b[32minfo\u001b[39m","message":"{\"method\":\"GET\",\"url\":\"/admin/recruiters\",\"status\":\"304\",\"responseTime\":\"49.026\"}","timestamp":"2024-10-09T09:18:39.656Z"}
{"level":"\u001b[32minfo\u001b[39m","message":"{\"method\":\"GET\",\"url\":\"/admin/recruiters\",\"status\":\"304\",\"responseTime\":\"42.026\"}","timestamp":"2024-10-09T09:18:39.702Z"}
{"level":"\u001b[32minfo\u001b[39m","message":"{\"method\":\"GET\",\"url\":\"/admin/recruiters\",\"status\":\"304\",\"responseTime\":\"41.753\"}","timestamp":"2024-10-09T09:18:39.752Z"}
{"level":"\u001b[32minfo\u001b[39m","message":"{\"method\":\"GET\",\"url\":\"/admin/users\",\"status\":\"304\",\"responseTime\":\"34.839\"}","timestamp":"2024-10-09T09:18:40.227Z"}
{"level":"\u001b[32minfo\u001b[39m","message":"{\"method\":\"GET\",\"url\":\"/admin/users\",\"status\":\"304\",\"responseTime\":\"34.201\"}","timestamp":"2024-10-09T09:18:40.264Z"}
{"level":"\u001b[32minfo\u001b[39m","message":"{\"method\":\"GET\",\"url\":\"/admin/users\",\"status\":\"304\",\"responseTime\":\"36.821\"}","timestamp":"2024-10-09T09:18:40.305Z"}
{"level":"\u001b[32minfo\u001b[39m","message":"{\"method\":\"GET\",\"url\":\"/admin/users\",\"status\":\"304\",\"responseTime\":\"36.940\"}","timestamp":"2024-10-09T09:18:40.350Z"}
{"level":"\u001b[32minfo\u001b[39m","message":"{\"method\":\"GET\",\"url\":\"/admin/recruiters\",\"status\":\"304\",\"responseTime\":\"45.628\"}","timestamp":"2024-10-09T09:18:41.048Z"}
{"level":"\u001b[32minfo\u001b[39m","message":"{\"method\":\"GET\",\"url\":\"/admin/recruiters\",\"status\":\"304\",\"responseTime\":\"43.588\"}","timestamp":"2024-10-09T09:18:41.094Z"}
{"level":"\u001b[32minfo\u001b[39m","message":"{\"method\":\"GET\",\"url\":\"/admin/recruiters\",\"status\":\"304\",\"responseTime\":\"46.706\"}","timestamp":"2024-10-09T09:18:41.145Z"}
{"level":"\u001b[32minfo\u001b[39m","message":"{\"method\":\"GET\",\"url\":\"/admin/recruiters\",\"status\":\"304\",\"responseTime\":\"40.714\"}","timestamp":"2024-10-09T09:18:41.195Z"}
{"level":"\u001b[32minfo\u001b[39m","message":"{\"method\":\"GET\",\"url\":\"/admin/pending\",\"status\":\"304\",\"responseTime\":\"54.281\"}","timestamp":"2024-10-09T09:18:41.658Z"}
{"level":"\u001b[32minfo\u001b[39m","message":"{\"method\":\"GET\",\"url\":\"/admin/pending\",\"status\":\"304\",\"responseTime\":\"33.970\"}","timestamp":"2024-10-09T09:18:41.695Z"}
{"level":"\u001b[32minfo\u001b[39m","message":"{\"method\":\"GET\",\"url\":\"/admin/pending\",\"status\":\"304\",\"responseTime\":\"36.637\"}","timestamp":"2024-10-09T09:18:41.735Z"}
{"level":"\u001b[32minfo\u001b[39m","message":"{\"method\":\"GET\",\"url\":\"/admin/pending\",\"status\":\"304\",\"responseTime\":\"54.322\"}","timestamp":"2024-10-09T09:18:43.149Z"}
{"level":"\u001b[32minfo\u001b[39m","message":"{\"method\":\"GET\",\"url\":\"/admin/pending\",\"status\":\"304\",\"responseTime\":\"36.772\"}","timestamp":"2024-10-09T09:18:43.189Z"}
{"level":"\u001b[32minfo\u001b[39m","message":"{\"method\":\"GET\",\"url\":\"/admin/pending\",\"status\":\"304\",\"responseTime\":\"35.765\"}","timestamp":"2024-10-09T09:18:43.228Z"}
{"level":"\u001b[32minfo\u001b[39m","message":"{\"method\":\"GET\",\"url\":\"/admin/recruiters\",\"status\":\"304\",\"responseTime\":\"43.271\"}","timestamp":"2024-10-09T09:18:43.951Z"}
{"level":"\u001b[32minfo\u001b[39m","message":"{\"method\":\"GET\",\"url\":\"/admin/recruiters\",\"status\":\"304\",\"responseTime\":\"46.985\"}","timestamp":"2024-10-09T09:18:44.002Z"}
{"level":"\u001b[32minfo\u001b[39m","message":"{\"method\":\"GET\",\"url\":\"/admin/recruiters\",\"status\":\"304\",\"responseTime\":\"44.790\"}","timestamp":"2024-10-09T09:18:44.052Z"}
{"level":"\u001b[32minfo\u001b[39m","message":"{\"method\":\"GET\",\"url\":\"/admin/recruiters\",\"status\":\"304\",\"responseTime\":\"43.440\"}","timestamp":"2024-10-09T09:18:44.106Z"}
{"level":"\u001b[32minfo\u001b[39m","message":"{\"method\":\"GET\",\"url\":\"/admin/pending\",\"status\":\"304\",\"responseTime\":\"36.722\"}","timestamp":"2024-10-09T09:18:44.654Z"}
{"level":"\u001b[32minfo\u001b[39m","message":"{\"method\":\"GET\",\"url\":\"/admin/pending\",\"status\":\"304\",\"responseTime\":\"34.322\"}","timestamp":"2024-10-09T09:18:44.692Z"}
{"level":"\u001b[32minfo\u001b[39m","message":"{\"method\":\"GET\",\"url\":\"/admin/pending\",\"status\":\"304\",\"responseTime\":\"35.542\"}","timestamp":"2024-10-09T09:18:44.730Z"}
{"level":"\u001b[32minfo\u001b[39m","message":"{\"method\":\"GET\",\"url\":\"/admin/recruiters\",\"status\":\"304\",\"responseTime\":\"46.586\"}","timestamp":"2024-10-09T09:18:45.327Z"}
{"level":"\u001b[32minfo\u001b[39m","message":"{\"method\":\"GET\",\"url\":\"/admin/recruiters\",\"status\":\"304\",\"responseTime\":\"46.032\"}","timestamp":"2024-10-09T09:18:45.377Z"}
{"level":"\u001b[32minfo\u001b[39m","message":"{\"method\":\"GET\",\"url\":\"/admin/recruiters\",\"status\":\"304\",\"responseTime\":\"42.884\"}","timestamp":"2024-10-09T09:18:45.423Z"}
{"level":"\u001b[32minfo\u001b[39m","message":"{\"method\":\"GET\",\"url\":\"/admin/recruiters\",\"status\":\"304\",\"responseTime\":\"43.762\"}","timestamp":"2024-10-09T09:18:45.476Z"}
{"level":"\u001b[32minfo\u001b[39m","message":"{\"method\":\"GET\",\"url\":\"/admin/users\",\"status\":\"304\",\"responseTime\":\"34.725\"}","timestamp":"2024-10-09T09:18:46.033Z"}
{"level":"\u001b[32minfo\u001b[39m","message":"{\"method\":\"GET\",\"url\":\"/admin/users\",\"status\":\"304\",\"responseTime\":\"33.645\"}","timestamp":"2024-10-09T09:18:46.069Z"}
{"level":"\u001b[32minfo\u001b[39m","message":"{\"method\":\"GET\",\"url\":\"/admin/users\",\"status\":\"304\",\"responseTime\":\"36.554\"}","timestamp":"2024-10-09T09:18:46.109Z"}
{"level":"\u001b[32minfo\u001b[39m","message":"{\"method\":\"GET\",\"url\":\"/admin/users\",\"status\":\"304\",\"responseTime\":\"34.541\"}","timestamp":"2024-10-09T09:18:46.151Z"}
{"level":"\u001b[32minfo\u001b[39m","message":"{\"method\":\"GET\",\"url\":\"/admin/recruiters\",\"status\":\"304\",\"responseTime\":\"54.127\"}","timestamp":"2024-10-09T09:18:46.737Z"}
{"level":"\u001b[32minfo\u001b[39m","message":"{\"method\":\"GET\",\"url\":\"/admin/recruiters\",\"status\":\"304\",\"responseTime\":\"65.067\"}","timestamp":"2024-10-09T09:18:46.805Z"}
{"level":"\u001b[32minfo\u001b[39m","message":"{\"method\":\"GET\",\"url\":\"/admin/recruiters\",\"status\":\"304\",\"responseTime\":\"41.586\"}","timestamp":"2024-10-09T09:18:46.850Z"}
{"level":"\u001b[32minfo\u001b[39m","message":"{\"method\":\"GET\",\"url\":\"/admin/recruiters\",\"status\":\"304\",\"responseTime\":\"62.587\"}","timestamp":"2024-10-09T09:18:46.921Z"}
{"level":"\u001b[32minfo\u001b[39m","message":"{\"method\":\"GET\",\"url\":\"/admin/pending\",\"status\":\"304\",\"responseTime\":\"48.035\"}","timestamp":"2024-10-09T09:18:47.428Z"}
{"level":"\u001b[32minfo\u001b[39m","message":"{\"method\":\"GET\",\"url\":\"/admin/pending\",\"status\":\"304\",\"responseTime\":\"34.929\"}","timestamp":"2024-10-09T09:18:47.466Z"}
{"level":"\u001b[32minfo\u001b[39m","message":"{\"method\":\"GET\",\"url\":\"/admin/pending\",\"status\":\"304\",\"responseTime\":\"58.838\"}","timestamp":"2024-10-09T09:18:47.528Z"}
